[2025-05-11 13:53:32] uvicorn.error:318 INFO    - Will watch for changes in these directories: ['D:\\Programming\\TuneWave\\backend']
[2025-05-11 13:53:32] uvicorn.error:524 INFO    - Uvicorn running on http://127.0.0.1:8000 (Press CTRL+C to quit)
[2025-05-11 13:53:32] uvicorn.error:80 INFO    - Started reloader process [8928] using WatchFiles
[2025-05-11 13:53:33] uvicorn.error:83 INFO    - Started server process [3896]
[2025-05-11 13:53:33] uvicorn.error:48 INFO    - Waiting for application startup.
[2025-05-11 13:53:33] uvicorn.error:62 INFO    - Application startup complete.
[2025-05-11 13:53:47] uvicorn.error:263 INFO    - Shutting down
[2025-05-11 13:53:47] uvicorn.error:67 INFO    - Waiting for application shutdown.
[2025-05-11 13:53:47] uvicorn.error:76 INFO    - Application shutdown complete.
[2025-05-11 13:53:47] uvicorn.error:93 INFO    - Finished server process [3896]
[2025-05-11 13:53:47] uvicorn.error:112 INFO    - Stopping reloader process [8928]
[2025-06-20 12:00:06] uvicorn.error:318 INFO    - Will watch for changes in these directories: ['D:\\Programming\\TuneWave\\backend']
[2025-06-20 12:00:06] uvicorn.error:524 INFO    - Uvicorn running on http://127.0.0.1:8000 (Press CTRL+C to quit)
[2025-06-20 12:00:06] uvicorn.error:80 INFO    - Started reloader process [1824] using WatchFiles
[2025-06-20 12:00:07] uvicorn.error:83 INFO    - Started server process [24616]
[2025-06-20 12:00:07] uvicorn.error:48 INFO    - Waiting for application startup.
[2025-06-20 12:00:07] uvicorn.error:62 INFO    - Application startup complete.
[2025-06-20 12:00:09] app.config.loggingMiddleware:25 INFO    - GET http://127.0.0.1:8000/docs - 200 - 0.57ms
[2025-06-20 12:00:09] app.config.loggingMiddleware:25 INFO    - GET http://127.0.0.1:8000/openapi.json - 200 - 12.76ms
[2025-06-20 12:00:18] app.config.loggingMiddleware:25 INFO    - GET http://127.0.0.1:8000/ping - 200 - 0.21ms
[2025-06-20 12:01:03] uvicorn.error:55 WARNING - WatchFiles detected changes in 'main.py'. Reloading...
[2025-06-20 12:01:03] uvicorn.error:263 INFO    - Shutting down
[2025-06-20 12:01:03] uvicorn.error:67 INFO    - Waiting for application shutdown.
[2025-06-20 12:01:03] uvicorn.error:76 INFO    - Application shutdown complete.
[2025-06-20 12:01:03] uvicorn.error:93 INFO    - Finished server process [24616]
[2025-06-20 12:01:04] uvicorn.error:83 INFO    - Started server process [17024]
[2025-06-20 12:01:04] uvicorn.error:48 INFO    - Waiting for application startup.
[2025-06-20 12:01:04] uvicorn.error:62 INFO    - Application startup complete.
[2025-06-20 12:01:07] uvicorn.error:55 WARNING - WatchFiles detected changes in 'main.py'. Reloading...
[2025-06-20 12:01:07] uvicorn.error:263 INFO    - Shutting down
[2025-06-20 12:01:07] uvicorn.error:67 INFO    - Waiting for application shutdown.
[2025-06-20 12:01:07] uvicorn.error:76 INFO    - Application shutdown complete.
[2025-06-20 12:01:07] uvicorn.error:93 INFO    - Finished server process [17024]
[2025-06-20 12:01:08] uvicorn.error:83 INFO    - Started server process [19772]
[2025-06-20 12:01:08] uvicorn.error:48 INFO    - Waiting for application startup.
[2025-06-20 12:01:08] uvicorn.error:62 INFO    - Application startup complete.
[2025-06-20 12:01:13] uvicorn.error:55 WARNING - WatchFiles detected changes in 'main.py'. Reloading...
[2025-06-20 12:01:13] uvicorn.error:263 INFO    - Shutting down
[2025-06-20 12:01:13] uvicorn.error:67 INFO    - Waiting for application shutdown.
[2025-06-20 12:01:13] uvicorn.error:76 INFO    - Application shutdown complete.
[2025-06-20 12:01:13] uvicorn.error:93 INFO    - Finished server process [19772]
[2025-06-20 12:01:14] uvicorn.error:83 INFO    - Started server process [23964]
[2025-06-20 12:01:14] uvicorn.error:48 INFO    - Waiting for application startup.
[2025-06-20 12:01:14] uvicorn.error:62 INFO    - Application startup complete.
[2025-06-20 12:01:22] app.config.loggingMiddleware:25 INFO    - GET http://127.0.0.1:8000/docs - 200 - 0.39ms
[2025-06-20 12:01:22] app.config.loggingMiddleware:25 INFO    - GET http://127.0.0.1:8000/openapi.json - 200 - 11.30ms
[2025-06-20 12:01:34] uvicorn.error:55 WARNING - WatchFiles detected changes in 'main.py'. Reloading...
[2025-06-20 12:01:34] uvicorn.error:263 INFO    - Shutting down
[2025-06-20 12:01:34] uvicorn.error:67 INFO    - Waiting for application shutdown.
[2025-06-20 12:01:34] uvicorn.error:76 INFO    - Application shutdown complete.
[2025-06-20 12:01:34] uvicorn.error:93 INFO    - Finished server process [23964]
[2025-06-20 12:01:35] uvicorn.error:83 INFO    - Started server process [22128]
[2025-06-20 12:01:35] uvicorn.error:48 INFO    - Waiting for application startup.
[2025-06-20 12:01:35] uvicorn.error:62 INFO    - Application startup complete.
[2025-06-20 12:01:41] uvicorn.error:55 WARNING - WatchFiles detected changes in 'main.py'. Reloading...
[2025-06-20 12:01:41] uvicorn.error:263 INFO    - Shutting down
[2025-06-20 12:01:41] uvicorn.error:67 INFO    - Waiting for application shutdown.
[2025-06-20 12:01:41] uvicorn.error:76 INFO    - Application shutdown complete.
[2025-06-20 12:01:41] uvicorn.error:93 INFO    - Finished server process [22128]
[2025-06-20 12:01:42] uvicorn.error:83 INFO    - Started server process [17384]
[2025-06-20 12:01:42] uvicorn.error:48 INFO    - Waiting for application startup.
[2025-06-20 12:01:42] uvicorn.error:62 INFO    - Application startup complete.
[2025-06-20 12:01:42] app.config.loggingMiddleware:25 INFO    - GET http://127.0.0.1:8000/docs - 200 - 0.26ms
[2025-06-20 12:01:42] app.config.loggingMiddleware:25 INFO    - GET http://127.0.0.1:8000/openapi.json - 200 - 9.24ms
[2025-06-20 12:01:51] uvicorn.error:263 INFO    - Shutting down
[2025-06-20 12:01:51] uvicorn.error:67 INFO    - Waiting for application shutdown.
[2025-06-20 12:01:51] uvicorn.error:76 INFO    - Application shutdown complete.
[2025-06-20 12:01:51] uvicorn.error:93 INFO    - Finished server process [17384]
[2025-06-20 12:01:51] uvicorn.error:112 INFO    - Stopping reloader process [1824]
